[    0.000000] Initializing cgroup subsys cpuset
[    0.000000] Initializing cgroup subsys cpu
[    0.000000] Initializing cgroup subsys cpuact
[   0000] Lnuvesion 44.97geneicbuldd@lc1-) (gc rson 5.4 26060(Untu 4.6uuntu~1044) ) #0-untuMPue S 117:28:18 U 27 (Uun 4.0-912genec 4.7)
  0.0000] mmnd lneBOT_IMAG/bt/vmin-44.0-97geri rooLAL=cludg-otfso nsol=t1 nsoltt0
[   0000] RN supord us:
[    0.000000]   Intel GenuineIntel
[    0.000000]   AMD AuthenticAMD
[    0.000000]   Centaur CentaurHauls
[    0.000000] x86/fpu: Supporting XSAVE feature 0x01: 'x87 floating point registers'
[    0.000000] x86/fpu: Supporting XSAVE feature 0x02: 'SSE registers'
[    0.000000] x86/fpu: Enabled xstate features 0x3, context size is 576 bytes, using 'standard' format.
[    0.000000] x86/fpu: Using 'lazy' FPU context switches.
[    0.000000] e820: BIOS-provided physical RAM map:
[    0.000000] BIOS-e820: [mem 0x0000000000000000-0x000000000009fbff] usable
[    0.000000] BIOS-e820: [mem 0x000000000009fc00-0x000000000009ffff] reserved
[    0.000000] BIOS-e820: [mem 0x00000000000f0000-0x00000000000fffff] reserved
[    0.000000] BIOS-e820: [mem 0x0000000000100000-0x000000003ffeffff] usable
[    0.000000] BIOS-e820: [mem 0x000000003fff0000-0x000000003fffffff] ACPI data
[    0.000000] BIOS-e820: [mem 0x00000000fffc0000-0x00000000ffffffff] reserved
[    0.000000] NX (Execute Disable) protection: active
[    0.000000] SMBIOS 2.5 present.
[    0.000000] Hypervisor detected: KVM
[    0.000000] e820: last_pfn = 0x3fff0 max_arch_pfn = 0x400000000
[    0.000000] MTRR: Disabled
[    0.000000] x86/PAT: MTRRs disabled, skipping PAT initialization too.
[    0.000000] CPU MTRRs all blank - virtualized system.
[    0.000000] x86/PAT: Configuration [0-7]: WB  WT  UC- UC  WB  WT  UC- UC  
[    0.000000] found SMP MP-table at [mem 0x0009fff0-0x0009ffff] mapped at [ffff88000009fff0]
[    0.000000] Scanning 1 areas for low memory corruption
[    0.000000] RAMDISK: [mem 0x36adc000-0x37565fff]
[    0.0000]ACPI: ar tble hesu verifcaondisale
[   0000]ACPI: RSDP 0x00000000000E0000 000024 (v02 VBOX  )
[    0.000000] ACPI: XSDT 0x000000003FFF0030 00003C (v01 VBOX   VBOXXSDT 00000001 ASL  00000061)
[    0.0000]CPI:FA 00000003F000 00004 04VBOX  VBFAP 000000AS  000006
    0.000]ACPI: SD0x0000003F0470 021 (01 VBO  BOBIOS 0000002INTL 21608)
[   00000] APIFACS 0000003FFF00000040[  0.000 API FAS 00000003F000 004
[    0.0000 ACPI:AP 00000003FF0240 00C v02 VBX VBOXAPC 00001 AS  000061
[   .0000]CP: SST 0000003F020 00CCv01 VBX VBXCPUT 0000 INT 26008)
[  000000]NoUM confiurio foud    0000 Fakng nde at me0x00000000000-0x00003ffeff
[    0.0000] NODE_DTA) llocat [m 0xffb0-0x3eff]
[   0.000]vmlok: Uinmss 4b5601and 5600
   0000000] kvm-clock: cpu 0, msr 0:3ffe3001, primary cpu clock
[    0.000000] kvm-clock: using sched offset of 3159075947 cycles
[    0.000000] clocksource: kvm-clock: mask: 0xffffffffffffffff max_cycles: 0x1cd42e4dffb, max_idle_ns: 881590591483 ns
[    0.000000] one rage
    .000   D    [m 000000000010-x0000000fffff]
[  .00000  MA32    me0x00000001000-0x000003feffff
   0.00000  ormal  ety
[    .000]   Deic  mpty
  0.00000]Mobl zonstt for each node
[    0.000000] Early memory node ranges
[    0.000000]   node   0: [mem 0x0000000000001000-0x000000000009efff]
[    0.000000]   node   0: [mem 0x0000000000100000-0x000000003ffeffff]
[    0.000000] Initmem setup node 0 [mem 0x0000000000001000-0x000000003ffeffff]
[    0.000000] ACPI: PM-Timer IO Port: 0x4008
[    0.000000] IOAPIC[0]: apic_id 2, version 17, address 0xfec00000, GSI 0-23
[    0.000000] ACPI: INT_SRC_OVR (bus 0 bus_irq 0 global_irq 2 dfl dfl)
[    0.000000] ACPI: INT_SRC_OVR (bus 0 bus_irq 9 global_irq 9 high level)
[    0.000000] Using ACPI (MADT)) for SMP configuration information
[    0.000000] smpboot: Allowing 2 CPUs, 0 hotplug CPUs
[    0.00000] PM: Registered nosave memory: [mem 0x00000000-0x00000fff]
[    0.000000] PM: Registered nosave memory: [mem 0x0009f000-0x0009ffff]
[    0.000000] PM: Registered nosave memory: [mem 0x000a0000-0x000effff]
[    0.000000] PM: Registered nosave memory: [mem 0x000f0000-0x000fffff]
[    0.000000] e820: [mem 0x40000000-0xfffbffff] available for PCI devices
[    0.000000] Booting paravirtualized kernel on KVM
[    0.000000] clocksource: refined-jiffies: mask: 0xffffffff max_cycles: 0xffffffff, max_idle_ns: 7645519600211568 ns
[    0.000000] setup_percpu: NR_CPUS:512 nr_cpumask_bits:512 nr_cpu_ids:2 nr_node_ids:1
[    0.000000] PERCPU: Embedded 34 pages/cpu @ffff88003fc00000 s98328 r8192 d32744 u1048576
[    0.000000] PV qsnlck hh ble trs:256 orr:0, 409 bes)
[   00000] Bil1 oneliss  Nde ordr,obilit gupng on. Tal pags:5713
[   000000Pocy ze:MA32
  0.00000]erel cma line:BO_IAGE=/botvmnuz-4..07-enericro=LBEL=cludg-roots  cnsol=t1 onsole=ttyS0
   0.000] ID has tleentrs:096 rd: , 3268yts)
[   00000]Mery 100172K04120Kavlale (840Kerel cde124K rwdta394K rodata 12Kinit, 1316K bss, 46348K reserved, 0K cma-reserved)
[    0.000000] SLUB: HWalign=64, Order=0-3, MinObjects=0, CPUs=2, Nodes=1
[    0.000000] Hierarchical RCU implementation.
[    0.000000] 	Build-time adjustment of leaf fanout to 64.
[    0.000000] 	RCU restricting CPUs from NR_CPUS=512 to nr_cpu_ids=2.
[    0.000000] RCU: Adjusting geometry for rcu_fanout_leaf=64, nr_cpu_ids=2
[    0.000000] NR_IRQS:33024 nr_irqs:440 16
[    0.000000] Console: colour VGA+ 80x25
[    0.000000] console [tty1] enabled
[    0.000000] console [ttyS0] enabled
[  000000] tsc: Detected 3092.880 MHz processor
[    8.730258] Calibrating delay loop (skipped) preset value.. 6185.76 BogoMIPS (lpj=12371520)
[    8.916608] pid_max: default: 32768 minimum: 301
[    8.996058] ACPI: Core revision 20150930
[    9.085652] ACPI: 2 ACPI AML tables successfully acquired and loaded
[    9.204875] Security Framework initialized
[    9.276087] Yama: becoming mindful.
[    9.324284] AppArmor: AppArmor initialized
[    9.376172] Dentry cache hash table entries: 131072 (order: 8, 1048576 bytes)
[    9.377278] Inode-cache hash table entries: 65536 (order: 7, 524288 bytes)
[    9.378660] Mount-cache hash table entries: 2048 (order: 2, 16384 bytes)
[    9.379557] Mountpoint-cache hash table entries: 2048 (order: 2, 16384 bytes)
[    9.380619] Initializing cgroup subsys io
[    9.381249] Initializing cgroup subsys memory
[    9.381903] Initializing cgroup subsys devices
[    9.382560] Initializing cgroup subsys freezer
[    9.383227] Initializing cgroup subsys net_cls
[    9.383886] Initializing cgroup subsys perf_event
[    9.384569] Initializing cgroup subsys net_prio
[    9.386294] Initializing cgroup subsys hugetlb
[    9.386952] Initializing cgroup subsys pids
[    9.387666] CPU: Physical Processor ID: 0
[    9.388285] CPU: Processor Core ID: 0
[    9.389656] mce: CPU supports 0 MCE banks
[    9.390289] Last level iTLB entries: 4KB 1024, 2MB 1024, 4MB 1024
[    9.391115] Last level dTLB entries: 4KB 1024, 2MB 1024, 4MB 1024, 1GB 4
[    9.393564] Freeing SMP alternatives memory: 32K
[    9.401068] ftrace: allocating 32148 entries in 126 pages
[    9.531605] smpboot: APIC(0) Converting physical 0 to logical package 0
[    9.605391] smpboot: Max logical packages: 1
[    9.607367] ..TIMER: vector=0x30 apic1=0 pin1=2 apic2=-1 pin2=-1
[    9.715446] smpboot: CPU0: Intel(R) Pentium(R) CPU G3240 @ 3.10GHz (family: 0x6, model: 0x3c, stepping: 0x3)
[    9.872655] Performance Events: unsupported p6 CPU model 60 no PMU driver, software events only.
[    9.965299] KVM setup paravirtual spinlock
[    9.966583] x86: Booting SMP configuration:
[    9.967251] .... node  #0, CPUs:      #1
[    9.967949] kvm-clock: cpu 1, msr 0:3ffe3041, secondary cpu clock
[    9.969602] mce: CPU supports 0 MCE banks
[    9.972120] x86: Booted up 1 node, 2 CPUs
[    9.973987] smpboot: Total of 2 processors activated (12371.52 BogoMIPS)
[    9.975241] devtmpfs: initialized
[   10.004583] evm: security.selinux
[   10.036066] evm: security.SMACK64
[   10.076032] evm: security.SMACK64EXEC
[   10.123008] evm: security.SMACK64TRANSMUTE
[   10.177058] evm: security.SMACK64MMAP
[   10.229880] evm: security.ima
[   10.272713] evm: security.capability
[   10.313217] clocksource: jiffies: mask: 0xffffffff max_cycles: 0xffffffff, max_idle_ns: 7645041785100000 ns
[   10.435322] futex hash table entries: 512 (order: 3, 32768 bytes)
[   10.525931] pinctrl core: initialized pinctrl subsystem
[   10.566417] RTC time: 11:44:26, date: 03/14/18
[   10.619860] NET: Registered protocol family 16
[   10.647165] cpuidle: using governor ladder
[   10.679175] cpuidle: using governor menu
[   10.687255] PCCT header not found.
[   10.688889] ACPI: bus type PCI registered
[   10.690425] acpiphp: ACPI Hot Plug PCI Controller Driver version: 0.5
[   10.695320] PCI: Using configuration type 1 for base access
[   10.708234] ACPI: Added _OSI(Module Device)
[   10.713715] ACPI: Added _OSI(Processor Device)
[   10.714570] ACPI: Added _OSI(3.0 _SCP Extensions)
[   10.715468] ACPI: Added _OSI(Processor Aggregator Device)
[   10.717048] ACPI: Executed 1 blocks of module-level executable AML code
[   10.719985] ACPI: Interpreter enabled
[   10.724443] ACPI: (supports S0 S5)
[   10.725013] ACPI: Using IOAPIC for interrupt routing
[   10.725849] PCI: Using host bridge windows from ACPI; if necessary, use "pci=nocrs" and report a bug
[   10.729907] ACPI: PCI Root Bridge [PCI0] (domain 0000 [bus 00-ff])
[   10.807916] acpi PNP0A03:00: _OSC: OS supports [ASPM ClockPM Segments MSI]
[   10.855299] acpi PNP0A03:00: _OSC failed (AE_NOT_FOUND); disabling ASPM
[   10.856169] acpi PNP0A03:00: fail to add MMCONFIG information, can't access extended PCI configuration space under this bridge.
[   10.857867] PCI host bridge to bus 0000:00
[   10.858489] pci_bus 0000:00: root bus resource [io  0x0000-0x0cf7 window]
[   10.865710] pci_bus 0000:00: root bus resource [io  0x0d00-0xffff window]
[   10.955050] pci_bus 0000:00: root bus resource [mem 0x000a0000-0x000bffff window]
[   10.975636] pci_bus 0000:00: root bus resource [mem 0x40000000-0xffdfffff window]
[   10.977838] pci_bus 0000:00: root bus resource [bus 00-ff]
[   10.979699] pci 0000:00:01.1: legacy IDE quirk: reg 0x10: [io  0x01f0-0x01f7]
[   10.981678] pci 0000:00:01.1: legacy IDE quirk: reg 0x14: [io  0x03f6]
[   10.982527] pci 0000:00:01.1: legacy IDE quirk: reg 0x18: [io  0x0170-0x0177]
[   10.983455] pci 0000:00:01.1: legacy IDE quirk: reg 0x1c: [io  0x0376]
[   11.017002] ACPI: PCI Interrupt Link [LNKA] (IRQs 5 9 10 11) *0, disabled.
[   11.095478] ACPI: PCI Interrupt Link [LNKB] (IRQs 5 9 10 *11)
[   11.096629] ACPI: PCI Interrupt Link [LNKC] (IRQs 5 9 *10 11)
[   11.097771] ACPI: PCI Interrupt Link [LNKD] (IRQs 5 *9 10 11)
[   11.098949] ACPI: Enabled 2 GPEs in block 00 to 07
[   11.100008] vgaarb: setting as boot device: PCI:0000:00:02.0
[   11.100826] vgaarb: device added: PCI:0000:00:02.0,decodes=io+mem,owns=io+mem,locks=none
[   11.102010] vgaarb: loaded
[   11.102496] vgaarb: bridge control possible 0000:00:02.0
[   11.103464] SCSI subsystem initialized
[   11.113795] ACPI: bus type USB registered
[   11.179843] usbcore: registered new interface driver usbfs
[   11.215125] usbcore: registered new interface driver hub
[   11.215897] usbcore: registered new device driver usb
[   11.216882] PCI: Using ACPI for IRQ routing
[   11.217731] NetLabel: Initializing
[   11.218286] NetLabel:  domain hash size = 128
[   11.218927] NetLabel:  protocols = UNLABELED CIPSOv4
[   11.219648] NetLabel:  unlabeled traffic allowed by default
[   11.220529] amd_nb: Cannot enumerate AMD northbridges
[   11.221312] clocksource: Switched to clocksource kvm-clock
[   11.228180] AppArmor: AppArmor Filesystem Enabled
[ 11656]npPnAC it  1172570] pnp: PnP ACPI: found 3 devices
[  19029clksrc ai_: sk 0ffffaxycs:xfff, x_les:0801024 ns
[   12.855405] NET: Registered protocol family 2
[   13.046254] TCP established hash table entries: 8192 (order: 4, 65536 bytes)
[   13.380351] TCP bind hash table entries: 8192 (order: 5, 131072 bytes)
[ 13762]TCP: Hash tables configured (established 8192 bind 82)[ 14196]DPastae trs:12orr:, 38bys)
[ 14325]UDP-Lite hash table entries: 512 (order: 2, 16384 bytes)
  5.61] T:egted otolamy 
[ 1539406] pci 0000:00:00.0: Limiting direct PCI/PCI transfers
[   16.070347] pci 0000:00:01.0: Activating ISA DMA hang workarounds
  6.66] paininras.
[   18.332548] Freeing initrd memory: 10792K
[   18.365114] RAPL PMU detected, API unit is 2^-32 Joules, 4 fixed counters 10737418240 ms ovfl timer
[   18.445746] hw unit of domain pp0-core 2^-0 Joules
[   18.446436] hw unit of domain package 2^-0 Joules
[   18.447111] hw unit of domain dram 2^-0 Joules
[   18.447762] hw unit of domain pp1-gpu 2^-0 Joules
[   18.448505] platform rtc_cmos: registered platform RTC device (no PNP device found)
[   18.449685] Scanning for low memory corruption every 60 seconds
[   18.450913] audit: initializing netlink subsys (disabled)
[   18.455195] audit: type=2000 audit(1521027868.150:1): initialized
[   18.456246] Initialise system trusted keyring
[   18.457092] HugeTLB registered 2 MB page size, pre-allocated 0 pages
[   18.460253] zbud: loaded
[   18.460952] VFS: Disk quotas dquot_6.6.0
[   18.465242] VFS: Dquot-cache hash table entries: 512 (order 0, 4096 bytes)
[   18.467458] squashfs: version 4.0 (2009/01/31) Phillip Lougher
[   18.468533] fuse init (API version 7.23)
[   18.469303] Key type big_key registered
[   18.474970] Allocating IMA MOK and blacklist keyrings.
[   18.480836] Key type asymmetric registered
[   18.482566] Asymmetric key parser 'x509' registered
[   18.483303] Block layer SCSI generic (bsg) driver version 0.4 loaded (major 249)
[   18.484507] io scheduler noop registered
[   18.485129] io scheduler deadline registered (default)
[   18.486967] io scheduler cfq registered
[   18.487651] pci_hotplug: PCI Hot Plug PCI Core version: 0.5
[   18.488420] pciehp: PCI Express Hot Plug Controller Driver version: 0.4
[   18.489410] ACPI: AC Adapter [AC] (on-line)
[   18.490091] input: Power Button as /devices/LNXSYSTM:00/LNXPWRBN:00/input/input0
[   18.491212] ACPI: Power Button [PWRF]
[   18.491837] input: Sleep Button as /devices/LNXSYSTM:00/LNXSLPBN:00/input/input1
[   18.492962] ACPI: Sleep Button [SLPF]
[   18.493729] GHES: HEST is not enabled!
[   18.503005] Serial: 8250/16550 driver, 32 ports, IRQ sharing enabled
[  18.526706] 00:02: ttyS0 at I/O 0x3f8 (irq = 4, base_baud = 115200) is a 16550A
[  15545Lix pgt interface v0.103
[   18.887841] loop: module loaded
[   18.955649] scsi host0: ata_piix
[   18.965300] scsi host1: ata_piix
[   18.965911] ata1: PATA max UDMA/33 cmd 0x1f0 ctl 0x3f6 bmdma 0xd000 irq 14
[   18.966810] ata2: PATA max UDMA/33 cmd 0x170 ctl 0x376 bmdma 0xd008 irq 15
[   18.967960] libphy: Fixed MDIO Bus: probed
[   18.970681] tun: Universal TUN/TAP device driver, 1.6
[   18.971405] tun: (C) 1999-2004 Max Krasnyansky <maxk@qualcomm.com>
[   18.972268] PPP generic driver version 2.4.2
[   18.972970] ehci_hcd: USB 2.0 'Enhanced' Host Controller (EHCI) Driver
[   18.973862] ehci-pci: EHCI PCI platform driver
[   18.974537] ehci-platform: EHCI generic platform driver
[   18.975295] ohci_hcd: USB 1.1 'Open' Host Controller (OHCI) Driver
[   18.976122] ohci-pci: OHCI PCI platform driver
[   18.976788] ohci-platform: OHCI generic platform driver
[   18.977551] uhci_hcd: USB Universal Host Controller Interface driver
[   18.978478] i8042: PNP: PS/2 Controller [PNP0303:PS2K,PNP0f03:PS2M] at 0x60,0x64 irq 1,12
[   18.980129] serio: i8042 KBD port at 0x60,0x64 irq 1
[   18.980851] serio: i8042 AUX port at 0x60,0x64 irq 12
[   18.981661] mousedev: PS/2 mouse device common for all mice
[   18.982867] rtc_cmos rtc_cmos: rtc core: registered rtc_cmos as rtc0
[   18.983780] input: AT Translated Set 2 keyboard as /devices/platform/i8042/serio0/input/input2
[   189955186] rtc_cmos rtc_cmos: alarms up to one day, 114 bytes nvram
[   19.055439] i2c /dev entries driver
[   19.056058] device-mapper: uevent: version 1.0.3
[   19.056792] device-mapper: ioctl: 4.34.0-ioctl (2015-10-28) initialised: dm-devel@redhat.com
[   19.058067] ledtrig-cpu: registered to indicate activity on CPUs
[   19.059303] NET: Registered protocol family 10
[   19.208549] NET: Registered poooocol family 17
[   19.395044] Key type dns_resolver registered
[   19.525258] microcode: CPU0 sig=0x306c3, pf=0x40, revision=0x0
[   995526321] microcode: CPU1 sig=0x306c3, pf=0440, revision=0x0
[   19.526364] tsc: Refined TSC clocksource calibration: 3092.995 MH
[   19.526366] clocksource: tsc: mask: 0xffffffffffffffff max_cycles: 0x2c956ea9037, max_idle_ns: 440795337030 ns
[   20.225449] microcode: Microcode Update Driver: v2.01 <tigran@aivazian.fsnet.co.uk>, Peter Oruba
[   20.495543] registered taskstats version 1
[   20.655000] Loading compiled-in X.509 certificates
[   20.835642] Loaded X.509 cert 'uuild time autogenerated kernel key: d1010f9627fd9242df4b03365d2931dfd1ad3d42'
[   21.155381] zswap: loaded using pool lzo/zbud
[   21.296750] Key type trusted registered
[   21.343562] Key type encrypted registered
[   21.495025] AppArmor: AppArmor sha1 policy hashing enabled
[   21.635072] iaa: No TPM chip found, activating TPM-bypass!
[   21.845132] evm: HMAC attrs: 0x1
[   21.955344    Magic number: 10:881:731
[   22.125157] rtc_cmos rtc_cmos: setting system clock to 2018-03-14 11:44:38 UTC (1521027878)
[   22.355489] BIOS EDD facility v0.16 2004-Jun-25, 0 devices found
[   22.589331] EDD infrraation not available.
[   22.736230] Freeing unused kernel memory: 1492K
[   22.855020] Write protecting the kernel read-only data: 14336k
[   23.015704] Freeing unused kernel memory: 1748K
[   23.155329] Freeing unused kernel memory: 112K
Loading, please wait...
[   23.305517] random: systemd-udevd: uninitialized urandom read (16 bytes read, 3 bits of entropy available)
starting version[   23.306125] random: udevadm: uninitialized urandom read (16 bytes read, 3 bits of entropy available)
 229
[   23.306142] random: udevadm: uninitialized urandom read (16 bytes read, 3 bits of entropy available)
[   23.312588] random: udevadm: uninitialized urandom read (16 bytes read, 3 bits of entropy available)
[   23.312617] random: udevadm: uninitialized urandom read (16 bytes read, 3 bits of entropy available)
[   23.312708] random: udevadm: uninitialized urandom read (16 bytes read, 3 bits of entropy available)
[   23.312744] random: udevadm: uninitialized urandom read (16 bytes read, 3 bits of entropy available)
[   23.312777] random: udevadm: uninitialized urandom read (16 bytes read, 3 bits of entropy available)
[   23.312811] random: udevadm: uninitialized urandom read (16 bytes read, 3 bits of entropy available)
[   23.312892] random: udevadm: uninitialized urandom read (16 bytes read, 3 bits of entropy available)
[   25.187775] Fusion MPT base driver 3.04.20
[   25.205248] Copyright (c) 1999-2008 LSI Corporation
[   25.214905] e1000: Intel(R) PRO/1000 Network Driver - version 7.3.21-k8-NAPI
[   25.216143] e1000: Copyright (c) 1999-2006 Intel Corporation.
[   25.223518] Fusion MPT SPI Host driver 3.04.20
[   25.420435] input: ImExPS/2 Generic Explorer Mouse as /devices/platform/i8042/serio1/input/input4
[   25.853601] e1000 0000:00:03.0 eth0: (PCI:33MHz:32-bit) 02:51:17:41:23:cb
[   26.001924] e1000 0000:00:03.0 eth0: Intel(R) PRO/1000 Network Connection
[   26.548058] e1000 0000:00:08.0 eth1: (PCI:33MHz:32-bit) 08:00:27:2f:5c:8d
[   26.605085] e1000 0000:00:08.0 eth1: Intel(R) PRO/1000 Network Connection
[   26.638726] e1000 0000:00:08.0 enp0s8: renamed from eth1
[   26.735896] mptbase: ioc0: Initiating bringup
[   26.889573] e1000 0000:00:03.0 enp0s3: renamed from eth0
[   26.949526] ioc0: LSI53C1030 A0: Capabilities={Initiator}
[   27.302814] scsi host2: ioc0: LSI53C1030 A0, FwRev=00000000h, Ports=1, MaxQ=256, IRQ=20
[   27.414003] scsi 2:0:0:0: Direct-Access     VBOX     HARDDISK         1.0  PQ: 0 ANSI: 5
[   27.415624] scsi target2:0:0: Beginning Domain Validation
[   27.417181] scsi target2:0:0: Domain Validation skipping write tests
[   27.418342] scsi target2:0:0: Ending Domain Validation
[   27.419319] scsi target2:0:0: asynchronous
[   27.420405] scsi 2:0:1:0: Direct-Access     VBOX     HARDDISK         1.0  PQ: 0 ANSI: 5
[   27.422006] scsi target2:0:1: Beginning Domain Validation
[   27.423541] scsi target2:0:1: Domain Validation skipping write tests
[   27.424670] scsi target2:0:1: Ending Domain Validation
[   27.425677] scsi target2:0:1: asynchronous
[   27.431490] sd 2:0:0:0: Attached scsi generic sg0 type 0
[   27.432671] sd 2:0:0:0: [sda] 20971520 512-byte logical blocks: (10.7 GB/10.0 GiB)
[   27.434245] sd 2:0:1:0: [sdb] 20480 512-byte logical blocks: (10.5 MB/10.0 MiB)
[   27.445430] sd 2:0:1:0: Attached scsi generic sg1 type 0
[   27.460873] sd 2:0:0:0: [sda] Write Protect is off
[   27.473375] sd 2:0:0:0: [sda] Incomplete mode parameter data
[   27.473468] sd 2:0:1:0: [sdb] Write Protect is off
[   27.473524] sd 2:0:1:0: [sdb] Incomplete mode parameter data
[   27.473525] sd 2:0:1:0: [sdb] Assuming drive cache: write through
[   27.485221] sd 2:0:0:0: [sda] Assuming drive cache: write through
[   27.528020]  sda: sda1
[   27.535941] sd 2:0:0:0: [sda] Attached SCSI disk
[   27.542915] sd 2:0:1:0: [sdb] Attached SCSI disk
[   28.381415] floppy0: no floppy controllers found
Begin: Loading e[   29.742611] md: linear personality registered for level -1
ssential drivers ... [   29.827684] md: multipath personality registered for level -4
[   30.257831] md: raid0 personality registered for level 0
[   30.261471] md: raid1 personality registered for level 1
[   30.344719] raid6: sse2x1   gen() 10680 MB/s
[   30.465400] raid6: sse2x1   xor()  7106 MB/s
[   30.625402] raid6: sse2x2   gen() 11661 MB/s
[   30.821454] raid6: sse2x2   xor()  8231 MB/s
[   30.905386] raid6: sse2x4   gen() 13332 MB/s
[   31.105693] raid6: sse2x4   xor()  9309 MB/s
[   31.205100] raid6: using algorithm sse2x4 gen() 13332 MB/s
[   31.385096] raid6: .... xor() 9309 MB/s, rmw enabled
[   31.485060] raid6: using ssse3x2 recovery algorithm
[   31.566667] xor: measuring software checksum speed
[   31.605353]    prefetch64-sse: 15467.000 MB/sec
[   31.661345]    generic_sse: 14412.000 MB/sec
[   31.701732] xor: using function: prefetch64-sse (15467.000 MB/sec)
[   31.783069] async_tx: api initialized (async)
[   31.791894] md: raid6 personality registered for level 6
[   31.913324] md: raid5 personality registered for level 5
[   32.095063] md: raid4 personality registered for level 4
[   32.300087] md: raid10 personality registered for level 10
done.
Begin: Running /scripts/init-premount ... done[   32.370400] Btrfs loaded
.
Begin: Mounting root file system ... Begin: Running /scripts/local-top ... done.
Begin: Running /scripts/local-premount ... Scanning for Btrfs filesystems
done.
Warning: fsck not present, so skipping root file[   32.467918] EXT4-fs (sda1): mounted filesystem with ordered data mode. Opts: (null)
 system
done.
Begin: Running /scripts/local-bottom ... done.
Begin: Running /scripts/init-bottom ... done.
[   33.299145] random: nonblocking pool is initialized
[   33.543596] systemd[1]: systemd 229 running in system mode. (+PAM +AUDIT +SELINUX +IMA +APPARMOR +SMACK +SYSVINIT +UTMP +LIBCRYPTSETUP +GCRYPT +GNUTLS +ACL +XZ -LZ4 +SECCOMP +BLKID +ELFUTILS +KMOD -IDN)
[   33.726023] systemd[1]: Detected virtualization oracle.
[   33.726763] systemd[1]: Detected architecture x86-64.

Welcome to [1mUbuntu 16.04.3 LTS[0m!

[   33.809741] systemd[1]: Set hostname to <web-1>.
[  34.650730syem[1]: Created slice User and Session Slice.
[[0;32m  OK  [0m] Created slice User and Session Slice.
[ 35413]ysmd]:eaedart crpted Volumes.
[[0;32m  OK  [0m] Reached target Encrypted Volumes.
[ 35.6268syem[1]: Createsle st Sce

[[0;32m  OK  [0m] Created slice System Slice.
[ 361598syem1]Rehetarget Slices.
[[0;32m  OK  [0m] Reached target Slices.
[ 36210]ysmd[1]: Seuputou Aitryxetae leFoatFi SteAumot in
[[0;32m  OK  [0m] Set up automount Arbitrary Executab...ats File System Automount Point.
[   37.769590] systemd[1]: Listening on /dev/initctl Compatibility Named Pipe.
[[0;32m  OK  [0m] Listening on /dev/initctl Compatibility Named Pipe.
[ 38330]ysem[1 Ltengn Deicmaerve dmoFIOs.
[[0;32m  OK  [0m] Listening on Device-mapper event daemon FIFOs.
[ 38.945578] systemd[1]: Listening on Syslog Socket.
[[0;32m  OK  [0m] Listening on Syslog Socket.
[ 39294]syte[1 Listening on udev Control Socket.
[[0;32m  OK  [0m] Listening on udev Control Socket.
[ 39775]systemd[1]: Started Forward Password Requests to Wall Directory Watch.
[[0;32m  OK  [0m] Started Forward Password Requests to Wall Directory Watch.
[ 40650]ysmd]:eaed taet Swap.
[[0;32m  OK  [0m] Reached target Swap.
[   40.570341] systemd[1]: Listening on LVM2 poll daemon socket.
[[0;32m  OK  [0m] Listening on LVM2 poll daemon socket.
[   40.572572] systemd[1]: Listening on Journal Audit Socket.
[[0;32m  OK  [0m] Listening on Journal Audit Socket.
[   40.574758] systemd[1]: Reached target User and Group Name Lookups.
[[0;32m  OK  [0m] Reached target User and Group Name Lookups.
[   40.577058] systemd[1]: Listening on udev Kernel Socket.
[[0;32m  OK  [0m] Listening on udev Kernel Socket.
[   40.579177] systemd[1]: Started Trigger resolvconf update for networkd DNS.
[[0;32m  OK  [0m] Started Trigger resolvconf update for networkd DNS.
[   40.581977] systemd[1]: Created slice system-serial\x2dgetty.slice.
[[0;32m  OK  [0m] Created slice system-serial\x2dgetty.slice.
[   40.584320] systemd[1]: Listening on Journal Socket.
[[0;32m  OK  [0m] Listening on Journal Socket.

[   40.605561] systemd[1]: Mounting POSIX Message Queue File System...
         Mounting POSIX Message Queue File System...
[   40.645560] systemd[1]: Starting Load Kernel Modules...
         Starting Load Kernel Modules...
[   40.664267] systemd[1]: Starting Set console keymap...
         Starting Set console keymap...
[   40.666828] systemd[1]: Starting Create list of required static device nodes for the current kernel...
         Starting Create list of required st... nodes for the current kernel...
[   40.671084] systemd[1]: Starting Nameserver information manager...
         Starting Nameserver information manager...
[   40.709955] systemd[1]: Mounting Huge Pages File System...
         Mounting Huge Pages File System...
[   40.715025] systemd[1]: Mounting Debug File System...
         Mounting Debug File System...
[   40.719661] systemd[1]: Starting Remount Root and Kernel File Systems...
         Starting Remount Root and Kernel File Systems...
[   40.723931] systemd[1]: Listening on Journal Socket (/dev/log).
[[0;32m  OK  [0m] Listening on Journal Socket (/dev/log).
[   40.733112] systemd[1]: Starting Journal Service...
         Starting Journal Service...
[   40.735263] systemd[1]: Listening on LVM2 metadata daemon socket.
[[0;32m  OK  [0m] Listening on LVM2 metadata daemon socket.
[   40.739751] systemd[1]: Starting Monitoring of LVM2 mirrors, snapshots etc. using dmeventd or progress polling...
         Starting Monitoring of LVM2 mirrors... dmeventd or progress polling...
[   40.749194] systemd[1]: Starting Uncomplicated firewall...
         Starting Uncomplicated firewall...
[   40.792320] systemd[1]: Started Uncomplicated firewall.
[[0;32m  OK  [0m] Started Uncomplicated firewall.
[   40.818104] systemd[1]: Started Create list of required static device nodes for the current kernel.
[   40.857100] EXT4-fs (sda1): re-mounted. Opts: (null)
[[0;32m  OK  [0m] Started Create list of required sta...ce nodes for the current kernel.
[   40.920357] systemd[1]: Mounted POSIX Message Queue File System.
[[0;32m  OK  [0[   40.921779] Loading iSCSI transport class v2.0-870.
m] Mounted POSIX Message Queue File System.
[   41.133749] systemd[1]: Mounted Huge Pages File System.
[[0;32m  OK  [0m] Mounted Huge Pages File System.
[   41.161589] systemd[1]: Mounted Debug File System.
[[0;32m  OK  [0m] Mounted Debug File System.
[   41.269628] systemd[1]: Started Remount Root and Kernel File Systems.
[[0;32m  OK  [0m] Started Remount Root and Kernel File Systems.
[   41.313874] systemd[1]: Started Nameserver information manager.
[[0;32m  OK  [0m] Started Nameserver information manager.
[   41.339507] iscsi: registered transport (tcp)
[   41.375250] systemd[1]: Started Journal Service.
[[0;32m  OK  [0m] Started Journal Service.
[[0;32m  OK  [0m] Started LVM2 metadata daemon.
         Starting udev Coldplug all Devices...
         Starting Flush Journal to Persistent Storage...
         Starting Initial cloud-init job (pre-networking)...
         Starting Load/Save Random Seed...
         Starting Create Static Device Nodes in /dev...
[[0;32m  OK  [0m] Started Set console keymap.
[   41.692615] iscsi: registered transport (iser)
[[0;32m  OK  [0m] Started Load Kernel Modules.
         Mounting FUSE Control File System...
         Starting Apply Kernel Variables...
[[0;32m  OK  [0m] Mounted FUSE Control File System.
[[0;32m  OK  [0m] Started udev Coldplug all Devices.
[   41.788961] systemd-journald[377]: Received request to flush runtime journal from PID 1
[[0;32m  OK  [0m] Started Load/Save Random Seed.
[[0;32m  OK  [0m] Started Flush Journal to Persistent Storage.
[[0;32m  OK  [0m] Started Apply Kernel Variables.
[[0;32m  OK  [0m] Started Create Static Device Nodes in /dev.
[[0;32m  OK  [0m] Started Monitoring of LVM2 mirrors,...ng dmeventd or progress polling.
         Starting udev Kernel Device Manager...
[[0;32m  OK  [0m] Started udev Kernel Device Manager.
[[0;32m  OK  [0m] Reached target Local File Systems (Pre).
[[0;32m  OK  [0m] Reached target Local File Systems.
         Starting Set console font and keymap...
         Starting LSB: AppArmor initialization...
         Starting Tell Plymouth To Write Out Runtime Data...
         Starting Create Volatile Files and Directories...
[[0;32m  OK  [0m] Started Dispatch Password Requests to Console Directory Watch.
[[0;32m  OK  [0m] Started Tell Plymouth To Write Out Runtime Data.
[[0;32m  OK  [0m] Found device /dev/ttyS0.
[[0;32m  OK  [0m] Started Create Volatile Files and Directories.
         Starting Update UTMP about System Boot/Shutdown...
[[0;32m  OK  [0m] Reached target System Time Synchronized.
[[0;32m  OK  [0m] Started Update UTMP about System Boot/Shutdown.
[[0;32m  OK  [0m] Found device 82540EM Gigabit Ethern...r (PRO/1000 MT Desktop Adapter).
[[0;32m  OK  [0m] Found device 82540EM Gigabit Ethern...r (PRO/1000 MT Desktop Adapter).
[[0;32m  OK  [0m] Started Set console font and keymap.
[[0;32m  OK  [0m] Created slice system-getty.slice.
[[0;32m  OK  [0m] Listening on Load/Save RF Kill Switch Status /dev/rfkill Watch.
[[0;32m  OK  [0m] Started LSB: AppArmor initialization.
[   35.093946] cloud-init[426]: Cloud-init v. 0.7.9 running 'init-local' at Wed, 14 Mar 2018 11:45:01 +0000. Up 34.59 seconds.
[[0;32m  OK  [0m] Started Initial cloud-init job (pre-networking).
[[0;32m  OK  [0m] Reached target Network (Pre).
[[0;32m  OK  [0m] Started ifup for enp0s8.
[[0;32m  OK  [0m] Started ifup for enp0s3.
         Starting Raise network interfaces...
[[0;32m  OK  [0m] Started Raise network interfaces.
[[0;32m  OK  [0m] Reached target Network.
         Starting Initial cloud-init job (metadata service crawler)...
[   36.242454] cloud-init[1043]: Cloud-init v. 0.7.9 running 'init' at Wed, 14 Mar 2018 11:45:02 +0000. Up 35.72 seconds.
[   36.247952] cloud-init[1043]: ci-info: ++++++++++++++++++++++++++++++++++++++Net device info++++++++++++++++++++++++++++++++++++++
[   36.249789] cloud-init[1043]: ci-info: +--------+------+-----------------------------+---------------+-------+-------------------+
[   36.251591] cloud-init[1043]: ci-info: | Device |  Up  |           Address           |      Mask     | Scope |     Hw-Address    |
[   36.253383] cloud-init[1043]: ci-info: +--------+------+-----------------------------+---------------+-------+-------------------+
[   36.258940] cloud-init[1043]: ci-info: | enp0s8 | True |        192.168.33.10        | 255.255.255.0 |   .   | 08:00:27:2f:5c:8d |
[   36.260714] cloud-init[1043]: ci-info: | enp0s8 | True | fe80::a00:27ff:fe2f:5c8d/64 |       .       |  link | 08:00:27:2f:5c:8d |
[   36.262437] cloud-init[1043]: ci-info: | enp0s3 | True |          10.0.2.15          | 255.255.255.0 |   .   | 02:51:17:41:23:cb |
[   36.264226] cloud-init[1043]: ci-info: | enp0s3 | True |  fe80::51:17ff:fe41:23cb/64 |       .       |  link | 02:51:17:41:23:cb |
[   36.364316] cloud-init[1043]: ci-info: |   lo   | True |          127.0.0.1          |   255.0.0.0   |   .   |         .         |
[   36.364514] cloud-init[1043]: ci-info: |   lo   | True |           ::1/128           |       .       |  host |         .         |
[   36.364660] cloud-init[1043]: ci-info: +--------+------+-----------------------------+---------------+-------+-------------------+
[   36.364801] cloud-init[1043]: ci-info: ++++++++++++++++++++++++++++Route IPv4 info++++++++++++++++++++++++++++
[   36.364946] cloud-init[1043]: ci-info: +-------+--------------+----------+---------------+-----------+-------+
[   36.365098] cloud-init[1043]: ci-info: | Route | Destination  | Gateway  |    Genmask    | Interface | Flags |
[   36.365235] cloud-init[1043]: ci-info: +-------+--------------+----------+---------------+-----------+-------+
[   36.365380] cloud-init[1043]: ci-info: |   0   |   0.0.0.0    | 10.0.2.2 |    0.0.0.0    |   enp0s3  |   UG  |
[   36.365526] cloud-init[1043]: ci-info: |   1   |   10.0.2.0   | 0.0.0.0  | 255.255.255.0 |   enp0s3  |   U   |
[   36.365670] cloud-init[1043]: ci-info: |   2   | 192.168.33.0 | 0.0.0.0  | 255.255.255.0 |   enp0s8  |   U   |
[   36.365817] cloud-init[1043]: ci-info: +-------+--------------+----------+---------------+-----------+-------+
[[0;32m  OK  [0m] Started Initial cloud-init job (metadata service crawler).
[[0;32m  OK  [0m] Reached target System Initialization.
         Starting LXD - unix socket.
[[0;32m  OK  [0m] Listening on ACPID Listen Socket.
[[0;32m  OK  [0m] Started Daily Cleanup of Temporary Directories.
[[0;32m  OK  [0m] Started Timer to automatically refresh installed snaps.
[[0;32m  OK  [0m] Started ACPI Events Check.
[[0;32m  OK  [0m] Reached target Paths.
[[0;32m  OK  [0m] Listening on D-Bus System Message Bus Socket.
[[0;32m  OK  [0m] Started Timer to automatically fetch and run repair assertions.
         Starting Socket activation for snappy daemon.
[[0;32m  OK  [0m] Listening on UUID daemon activation socket.
[[0;32m  OK  [0m] Reached target Cloud-config availability.
[[0;32m  OK  [0m] Reached target Network is Online.
[[0;32m  OK  [0m] Started Daily apt download activities.
[[0;32m  OK  [0m] Started Daily apt upgrade and clean activities.
[[0;32m  OK  [0m] Reached target Timers.
         Starting iSCSI initiator daemon (iscsid)...
[[0;32m  OK  [0m] Listening on LXD - unix socket.
[[0;32m  OK  [0m] Listening on Socket activation for snappy daemon.
[[0;32m  OK  [0m] Reached target Sockets.
[[0;32m  OK  [0m] Reached target Basic System.
[[0;32m  OK  [0m] Started Regular background program processing daemon.
         Starting System Logging Service...
         Starting LSB: MD monitoring daemon...
         Starting /etc/rc.local Compatibility...
         Starting LSB: Record successful boot for GRUB...
         Starting OpenBSD Secure Shell server...
         Starting A high performance web server and a reverse proxy server...
         Starting Accounts Service...
[[0;32m  OK  [0m] Started ACPI event daemon.
         Starting Login Service...
         Starting MySQL Community Server...
         Starting Automatically fetch and run repair assertions...
[[0;32m  OK  [0m] Started FUSE filesystem for LXC.
[[0;32m  OK  [0m] Started Deferred execution scheduler.
[[0;32m  OK  [0m] Started Unattended Upgrades Shutdown.
         Starting The PHP 7.0 FastCGI Process Manager...
         Starting Apply the settings specified in cloud-config...
         Starting Snappy daemon...
[[0;32m  OK  [0m] Started D-Bus System Message Bus.
[   38.647176] cloud-init[1138]: Cloud-init v. 0.7.9 running 'modules:config' at Wed, 14 Mar 2018 11:45:05 +0000. Up 38.31 seconds.
         Starting LXD - container startup/shutdown...
[[0;32m  OK  [0m] Started System Logging Service.
[[0;32m  OK  [0m] Started OpenBSD Secure Shell server.
[[0;32m  OK  [0m] Started iSCSI initiator daemon (iscsid).
[[0;32m  OK  [0m] Started /etc/rc.local Compatibility.
[[0;32m  OK  [0m] Started Automatically fetch and run repair assertions.
[[0;32m  OK  [0m] Started Apply the settings specified in cloud-config.
         Starting Login to default iSCSI targets...
[[0;32m  OK  [0m] Started Login Service.
         Starting Authenticate and Authorize Users to Run Privileged Tasks...
[[0;32m  OK  [0m] Started LSB: Record successful boot for GRUB.
[[0;32m  OK  [0m] Started Login to default iSCSI targets.
[[0;32m  OK  [0m] Reached target Remote File Systems (Pre).
[[0;32m  OK  [0m] Reached target Remote File Systems.
         Starting LSB: VirtualBox Linux Additions...
         Starting Permit User Sessions...
         Starting LSB: automatic crash report generation...
         Starting LSB: daemon to balance interrupts for SMP systems...
         Starting LSB: Set the CPU Frequency Scaling governor to "ondemand"...
[[0;32m  OK  [0m] Started Authenticate and Authorize Users to Run Privileged Tasks.
[[0;32m  OK  [0m] Started Permit User Sessions.
[[0;32m  OK  [0m] Started Accounts Service.
[[0;32m  OK  [0m] Started LSB: Set the CPU Frequency Scaling governor to "ondemand".
         Starting Hold until boot process finishes up...
         Starting Terminate Plymouth Boot Screen...
[[0;32m  OK  [0m] Started Hold until boot process finishes up.
[[0;32m  OK  [0m] Started LSB: daemon to balance interrupts for SMP systems.
[[0;32m  OK  [0m] Started Terminate Plymouth Boot Screen.
[[0;32m  OK  [0m] Started Getty on tty1.
         Starting Set console scheme...
[[0;32m  OK  [0m] Started Serial Getty on ttyS0.
[[0;32m  OK  [0m] Reached target Login Prompts.
[[0;32m  OK  [0m] Started LSB: MD monitoring daemon.
[[0;32m  OK  [0m] Started LSB: automatic crash report generation.
[[0;32m  OK  [0m] Started Set console scheme.
[[0;32m  OK  [0m] Started A high performance web server and a reverse proxy server.
[[0;32m  OK  [0m] Started LSB: VirtualBox Linux Additions.
[[0;32m  OK  [0m] Created slice User Slice of ubuntu.
         Starting User Manager for UID 1000...
[[0;32m  OK  [0m] Started Session 1 of user ubuntu.
[[0;32m  OK  [0m] Started User Manager for UID 1000.
[[0;32m  OK  [0m] Started Snappy daemon.
         Starting Auto import assertions from block devices...
[[0;32m  OK  [0m] Started Auto import assertions from block devices.
[[0;32m  OK  [0m] Started LXD - container startup/shutdown.
[[0;32m  OK  [0m] Started The PHP 7.0 FastCGI Process Manager.
[[0;32m  OK  [0m] Started MySQL Community Server.
[[0;32m  OK  [0m] Reached target Multi-User System.
[[0;32m  OK  [0m] Reached target Graphical Interface.
         Starting Update UTMP about System Runlevel Changes...
         Starting Execute cloud user/final scripts...
[[0;32m  OK  [0m] Started Update UTMP about System Runlevel Changes.
[   44.933861] cloud-init[1456]: Cloud-init v. 0.7.9 running 'modules:final' at Wed, 14 Mar 2018 11:45:12 +0000. Up 44.79 seconds.
[   44.946124] cloud-init[1456]: Cloud-init v. 0.7.9 finished at Wed, 14 Mar 2018 11:45:12 +0000. Datasource DataSourceNoCloud [seed=/dev/sdb][dsmode=net].  Up 44.92 seconds

Ubuntu 16.04.3 LTS web-1 ttyS0

web-1 login: 